Arguments: 
  /home/harrison/.nvm/versions/node/v14.15.4/bin/node /usr/share/yarn/bin/yarn.js install

PATH: 
  /usr/lib/git-core:/home/harrison/.nvm/versions/node/v14.15.4/bin:/home/harrison/.local/bin:/usr/local/sbin:/usr/local/bin:/usr/sbin:/usr/bin:/sbin:/bin:/usr/games:/usr/local/games:/snap/bin

Yarn version: 
  1.22.5

Node version: 
  14.15.4

Platform: 
  linux x64

Trace: 
  SyntaxError: /home/harrison/Desktop/projects/OpenSource-Mobile/MacHouse/package.json: Unexpected string in JSON at position 683
      at JSON.parse (<anonymous>)
      at /usr/share/yarn/lib/cli.js:1625:59
      at Generator.next (<anonymous>)
      at step (/usr/share/yarn/lib/cli.js:310:30)
      at /usr/share/yarn/lib/cli.js:321:13

npm manifest: 
  {
    "main": "node_modules/expo/AppEntry.js",
    "scripts": {
      "start": "expo start",
      "android": "expo start --android",
      "ios": "expo start --ios",
      "web": "expo start --web",
      "eject": "expo eject"
    },
    "dependencies": {
      "@react-native-community/datetimepicker": "3.0.4",
      "expo": "~40.0.0",
      "expo-status-bar": "~1.0.3",
      "formik": "^2.2.6",
      "react": "16.13.1",
      "react-dom": "16.13.1",
      "react-native": "https://github.com/expo/react-native/archive/sdk-40.0.1.tar.gz",
  
      "react-native-calendars": "^1.1129.0",
      "react-native-modal-datetime-picker": "^9.1.0",
      "react-native-paper": "^4.7.0",
      "react-native-web": "~0.13.12"
      "react-time-picker": "^4.1.2",
      "uuid-random": "^1.3.2"
      "react-native-keyboard-aware-scroll-view": "^0.9.3",
    },
    "devDependencies": {
      "@babel/core": "~7.9.0"
    },
    "private": true
  }

yarn manifest: 
  No manifest

Lockfile: 
  
